<?xml version="1.0" encoding="UTF-8"?>
<!-- Generated by org.testng.reporters.JUnitReportReporter -->
<testsuite hostname="user-MS-7B28" failures="0" tests="12" name="Mykola.homework6_2.AppTest" time="0.022" errors="0" timestamp="24 Dec 2018 09:27:30 GMT">
  <testcase classname="Mykola.homework6_2.AppTest" name="TestSumAsserts" time="0.000"/>
  <testcase classname="Mykola.homework6_2.AppTest" name="TestMulAsserts" time="0.000"/>
  <testcase classname="Mykola.homework6_2.AppTest" name="testMultiply" time="0.001"/>
  <testcase classname="Mykola.homework6_2.AppTest" name="sum" time="0.000"/>
  <testcase classname="Mykola.homework6_2.AppTest" name="TestDivAsserts" time="0.008"/>
  <testcase classname="Mykola.homework6_2.AppTest" name="TestSubAsserts" time="0.001"/>
  <testcase classname="Mykola.homework6_2.AppTest" name="div" time="0.001"/>
  <testcase classname="Mykola.homework6_2.AppTest" name="mul" time="0.001"/>
  <testcase classname="Mykola.homework6_2.AppTest" name="sub" time="0.001"/>
  <testcase classname="Mykola.homework6_2.AppTest" name="testDivide" time="0.001"/>
  <testcase classname="Mykola.homework6_2.AppTest" name="testAdd" time="0.001"/>
  <testcase classname="Mykola.homework6_2.AppTest" name="testSubtract" time="0.007"/>
</testsuite> <!-- Mykola.homework6_2.AppTest -->
