<?xml version="1.0" encoding="UTF-8"?>
<!-- Generated by org.testng.reporters.JUnitReportReporter -->
<testsuite hostname="user-MS-7B28" failures="0" tests="1" name="Mykola.homework6_1.AppTest" time="2.397" errors="0" timestamp="21 Dec 2018 09:06:01 GMT">
  <testcase classname="Mykola.homework6_1.AppTest" name="simpleHttpTest" time="2.397"/>
</testsuite> <!-- Mykola.homework6_1.AppTest -->
